<?xml version="1.0" encoding="UTF-8"?>
<testsuite xmlns:xsi="http://www.w3.org/2001/XMLSchema-instance" xsi:noNamespaceSchemaLocation="https://maven.apache.org/surefire/maven-surefire-plugin/xsd/surefire-test-report.xsd" version="3.0.2" name="com.example.JavaFactEmailerApplicationTests" time="1.953" tests="1" errors="0" skipped="0" failures="0">
  <properties>
[...]
</properties>
  <testcase name="contextLoads" classname="com.example.JavaFactEmailerApplicationTests" time="0.527">
    <system-out><![CDATA[12:01:24.981 [main] INFO org.springframework.test.context.support.AnnotationConfigContextLoaderUtils -- Could not detect default configuration classes for test class [com.example.JavaFactEmailerApplicationTests]: JavaFactEmailerApplicationTests does not declare any static, non-private, non-final, nested classes annotated with @Configuration.
12:01:25.082 [main] INFO org.springframework.boot.test.context.SpringBootTestContextBootstrapper -- Found @SpringBootConfiguration com.example.JavaFactEmailerApplication for test class com.example.JavaFactEmailerApplicationTests

  .   ____          _            __ _ _
 /\\ / ___'_ __ _ _(_)_ __  __ _ \ \ \ \
( ( )\___ | '_ | '_| | '_ \/ _` | \ \ \ \
 \\/  ___)| |_)| | | | | || (_| |  ) ) ) )
  '  |____| .__|_| |_|_| |_\__, | / / / /
 =========|_|==============|___/=/_/_/_/

 :: Spring Boot ::                (v3.5.6)

2025-09-27T12:01:25.406+05:30  INFO 6216 --- [           main] c.e.JavaFactEmailerApplicationTests      : Starting JavaFactEmailerApplicationTests using Java 25 with PID 6216 (started by Admin in C:\Users\Admin\Downloads\Java-Fact-Emailer-main\Java-Fact-Emailer-main\Java-Fact-Emailer)
2025-09-27T12:01:25.407+05:30  INFO 6216 --- [           main] c.e.JavaFactEmailerApplicationTests      : No active profile set, falling back to 1 default profile: "default"
2025-09-27T12:01:26.266+05:30  INFO 6216 --- [           main] c.e.JavaFactEmailerApplicationTests      : Started JavaFactEmailerApplicationTests in 1.067 seconds (process running for 1.817)
]]></system-out>
    <system-err><![CDATA[Mockito is currently self-attaching to enable the inline-mock-maker. This will no longer work in future releases of the JDK. Please add Mockito as an agent to your build as described in Mockito's documentation: https://javadoc.io/doc/org.mockito/mockito-core/latest/org.mockito/org/mockito/Mockito.html#0.3
WARNING: A Java agent has been loaded dynamically (C:\Users\Admin\.m2\repository\net\bytebuddy\byte-buddy-agent\1.17.7\byte-buddy-agent-1.17.7.jar)
WARNING: If a serviceability tool is in use, please run with -XX:+EnableDynamicAgentLoading to hide this warning
WARNING: If a serviceability tool is not in use, please run with -Djdk.instrument.traceUsage for more information
WARNING: Dynamic loading of agents will be disallowed by default in a future release
]]></system-err>
  </testcase>
</testsuite>